This is pdfTeX, Version 3.141592653-2.6-1.40.25 (MiKTeX 24.1) (preloaded format=pdflatex 2025.11.27)  3 DEC 2025 19:47
entering extended mode
 restricted \write18 enabled.
 file:line:error style messages enabled.
 %&-line parsing enabled.
**d:/tt/reporte-tecnico-Castean-Tapia/main.tex
(d:/tt/reporte-tecnico-Castean-Tapia/main.tex
LaTeX2e <2023-11-01> patch level 1
L3 programming layer <2024-01-04>
(C:\Users\matar\AppData\Local\Programs\MiKTeX\tex/latex/base\article.cls
Document Class: article 2023/05/17 v1.4n Standard LaTeX document class
(C:\Users\matar\AppData\Local\Programs\MiKTeX\tex/latex/base\size12.clo
File: size12.clo 2023/05/17 v1.4n Standard LaTeX file (size option)
)
\c@part=\count187
\c@section=\count188
\c@subsection=\count189
\c@subsubsection=\count190
\c@paragraph=\count191
\c@subparagraph=\count192
\c@figure=\count193
\c@table=\count194
\abovecaptionskip=\skip48
\belowcaptionskip=\skip49
\bibindent=\dimen140
) (C:\Users\matar\AppData\Local\Programs\MiKTeX\tex/latex/base\inputenc.sty
Package: inputenc 2021/02/14 v1.3d Input encoding file
\inpenc@prehook=\toks17
\inpenc@posthook=\toks18
) (C:\Users\matar\AppData\Local\Programs\MiKTeX\tex/generic/babel\babel.sty
Package: babel 2024/01/07 v24.1 The Babel package
\babel@savecnt=\count195
\U@D=\dimen141
\l@unhyphenated=\language79
 (C:\Users\matar\AppData\Local\Programs\MiKTeX\tex/generic/babel\txtbabel.def)
\bbl@readstream=\read2
\bbl@dirlevel=\count196

*************************************
* Local config file bblopts.cfg used
*
(C:\Users\matar\AppData\Local\Programs\MiKTeX\tex/latex/arabi\bblopts.cfg
File: bblopts.cfg 2005/09/08 v0.1 add Arabic and Farsi to "declared" options of babel
) (C:\Users\matar\AppData\Local\Programs\MiKTeX\tex/latex/babel-spanish\spanish.ldf
Language: spanish.ldf 2021/05/27 v5.0q Spanish support from the babel system
\es@quottoks=\toks19
\es@quotdepth=\count197
Package babel Info: Making " an active character on input line 570.
Package babel Info: Making . an active character on input line 675.
Package babel Info: Making < an active character on input line 722.
Package babel Info: Making > an active character on input line 722.
)) (C:\Users\matar\AppData\Local\Programs\MiKTeX\tex/generic/babel/locale/es\babel-spanish.tex
Package babel Info: Importing font and identification data for spanish
(babel)             from babel-es.ini. Reported on input line 11.
) (C:\Users\matar\AppData\Local\Programs\MiKTeX\tex/latex/amsmath\amsmath.sty
Package: amsmath 2023/05/13 v2.17o AMS math features
\@mathmargin=\skip50

For additional information on amsmath, use the `?' option.
(C:\Users\matar\AppData\Local\Programs\MiKTeX\tex/latex/amsmath\amstext.sty
Package: amstext 2021/08/26 v2.01 AMS text
 (C:\Users\matar\AppData\Local\Programs\MiKTeX\tex/latex/amsmath\amsgen.sty
File: amsgen.sty 1999/11/30 v2.0 generic functions
\@emptytoks=\toks20
\ex@=\dimen142
)) (C:\Users\matar\AppData\Local\Programs\MiKTeX\tex/latex/amsmath\amsbsy.sty
Package: amsbsy 1999/11/29 v1.2d Bold Symbols
\pmbraise@=\dimen143
) (C:\Users\matar\AppData\Local\Programs\MiKTeX\tex/latex/amsmath\amsopn.sty
Package: amsopn 2022/04/08 v2.04 operator names
)
\inf@bad=\count198
LaTeX Info: Redefining \frac on input line 234.
\uproot@=\count199
\leftroot@=\count266
LaTeX Info: Redefining \overline on input line 399.
LaTeX Info: Redefining \colon on input line 410.
\classnum@=\count267
\DOTSCASE@=\count268
LaTeX Info: Redefining \ldots on input line 496.
LaTeX Info: Redefining \dots on input line 499.
LaTeX Info: Redefining \cdots on input line 620.
\Mathstrutbox@=\box51
\strutbox@=\box52
LaTeX Info: Redefining \big on input line 722.
LaTeX Info: Redefining \Big on input line 723.
LaTeX Info: Redefining \bigg on input line 724.
LaTeX Info: Redefining \Bigg on input line 725.
\big@size=\dimen144
LaTeX Font Info:    Redeclaring font encoding OML on input line 743.
LaTeX Font Info:    Redeclaring font encoding OMS on input line 744.
\macc@depth=\count269
LaTeX Info: Redefining \bmod on input line 905.
LaTeX Info: Redefining \pmod on input line 910.
LaTeX Info: Redefining \smash on input line 940.
LaTeX Info: Redefining \relbar on input line 970.
LaTeX Info: Redefining \Relbar on input line 971.
\c@MaxMatrixCols=\count270
\dotsspace@=\muskip16
\c@parentequation=\count271
\dspbrk@lvl=\count272
\tag@help=\toks21
\row@=\count273
\column@=\count274
\maxfields@=\count275
\andhelp@=\toks22
\eqnshift@=\dimen145
\alignsep@=\dimen146
\tagshift@=\dimen147
\tagwidth@=\dimen148
\totwidth@=\dimen149
\lineht@=\dimen150
\@envbody=\toks23
\multlinegap=\skip51
\multlinetaggap=\skip52
\mathdisplay@stack=\toks24
LaTeX Info: Redefining \[ on input line 2953.
LaTeX Info: Redefining \] on input line 2954.
) (C:\Users\matar\AppData\Local\Programs\MiKTeX\tex/latex/amsfonts\amssymb.sty
Package: amssymb 2013/01/14 v3.01 AMS font symbols
 (C:\Users\matar\AppData\Local\Programs\MiKTeX\tex/latex/amsfonts\amsfonts.sty
Package: amsfonts 2013/01/14 v3.01 Basic AMSFonts support
\symAMSa=\mathgroup4
\symAMSb=\mathgroup5
LaTeX Font Info:    Redeclaring math symbol \hbar on input line 98.
LaTeX Font Info:    Overwriting math alphabet `\mathfrak' in version `bold'
(Font)                  U/euf/m/n --> U/euf/b/n on input line 106.
)) (C:\Users\matar\AppData\Local\Programs\MiKTeX\tex/latex/graphics\graphicx.sty
Package: graphicx 2021/09/16 v1.2d Enhanced LaTeX Graphics (DPC,SPQR)
 (C:\Users\matar\AppData\Local\Programs\MiKTeX\tex/latex/graphics\keyval.sty
Package: keyval 2022/05/29 v1.15 key=value parser (DPC)
\KV@toks@=\toks25
) (C:\Users\matar\AppData\Local\Programs\MiKTeX\tex/latex/graphics\graphics.sty
Package: graphics 2022/03/10 v1.4e Standard LaTeX Graphics (DPC,SPQR)
 (C:\Users\matar\AppData\Local\Programs\MiKTeX\tex/latex/graphics\trig.sty
Package: trig 2021/08/11 v1.11 sin cos tan (DPC)
) (C:\Users\matar\AppData\Local\Programs\MiKTeX\tex/latex/graphics-cfg\graphics.cfg
File: graphics.cfg 2016/06/04 v1.11 sample graphics configuration
)
Package graphics Info: Driver file: pdftex.def on input line 107.
 (C:\Users\matar\AppData\Local\Programs\MiKTeX\tex/latex/graphics-def\pdftex.def
File: pdftex.def 2022/09/22 v1.2b Graphics/color driver for pdftex
))
\Gin@req@height=\dimen151
\Gin@req@width=\dimen152
) (C:\Users\matar\AppData\Local\Programs\MiKTeX\tex/latex/hyperref\hyperref.sty
Package: hyperref 2023-11-26 v7.01g Hypertext links for LaTeX
 (C:\Users\matar\AppData\Local\Programs\MiKTeX\tex/generic/iftex\iftex.sty
Package: iftex 2022/02/03 v1.0f TeX engine tests
) (C:\Users\matar\AppData\Local\Programs\MiKTeX\tex/generic/infwarerr\infwarerr.sty
Package: infwarerr 2019/12/03 v1.5 Providing info/warning/error messages (HO)
) (C:\Users\matar\AppData\Local\Programs\MiKTeX\tex/latex/kvsetkeys\kvsetkeys.sty
Package: kvsetkeys 2022-10-05 v1.19 Key value parser (HO)
) (C:\Users\matar\AppData\Local\Programs\MiKTeX\tex/generic/kvdefinekeys\kvdefinekeys.sty
Package: kvdefinekeys 2019-12-19 v1.6 Define keys (HO)
) (C:\Users\matar\AppData\Local\Programs\MiKTeX\tex/generic/pdfescape\pdfescape.sty
Package: pdfescape 2019/12/09 v1.15 Implements pdfTeX's escape features (HO)
 (C:\Users\matar\AppData\Local\Programs\MiKTeX\tex/generic/ltxcmds\ltxcmds.sty
Package: ltxcmds 2023-12-04 v1.26 LaTeX kernel commands for general use (HO)
) (C:\Users\matar\AppData\Local\Programs\MiKTeX\tex/generic/pdftexcmds\pdftexcmds.sty
Package: pdftexcmds 2020-06-27 v0.33 Utility functions of pdfTeX for LuaTeX (HO)
Package pdftexcmds Info: \pdf@primitive is available.
Package pdftexcmds Info: \pdf@ifprimitive is available.
Package pdftexcmds Info: \pdfdraftmode found.
)) (C:\Users\matar\AppData\Local\Programs\MiKTeX\tex/latex/hycolor\hycolor.sty
Package: hycolor 2020-01-27 v1.10 Color options for hyperref/bookmark (HO)
) (C:\Users\matar\AppData\Local\Programs\MiKTeX\tex/latex/letltxmacro\letltxmacro.sty
Package: letltxmacro 2019/12/03 v1.6 Let assignment for LaTeX macros (HO)
) (C:\Users\matar\AppData\Local\Programs\MiKTeX\tex/latex/auxhook\auxhook.sty
Package: auxhook 2019-12-17 v1.6 Hooks for auxiliary files (HO)
) (C:\Users\matar\AppData\Local\Programs\MiKTeX\tex/latex/hyperref\nameref.sty
Package: nameref 2023-11-26 v2.56 Cross-referencing by name of section
 (C:\Users\matar\AppData\Local\Programs\MiKTeX\tex/latex/refcount\refcount.sty
Package: refcount 2019/12/15 v3.6 Data extraction from label references (HO)
) (C:\Users\matar\AppData\Local\Programs\MiKTeX\tex/generic/gettitlestring\gettitlestring.sty
Package: gettitlestring 2019/12/15 v1.6 Cleanup title references (HO)
 (C:\Users\matar\AppData\Local\Programs\MiKTeX\tex/latex/kvoptions\kvoptions.sty
Package: kvoptions 2022-06-15 v3.15 Key value format for package options (HO)
))
\c@section@level=\count276
) (C:\Users\matar\AppData\Local\Programs\MiKTeX\tex/latex/etoolbox\etoolbox.sty
Package: etoolbox 2020/10/05 v2.5k e-TeX tools for LaTeX (JAW)
\etb@tempcnta=\count277
)
\@linkdim=\dimen153
\Hy@linkcounter=\count278
\Hy@pagecounter=\count279
 (C:\Users\matar\AppData\Local\Programs\MiKTeX\tex/latex/hyperref\pd1enc.def
File: pd1enc.def 2023-11-26 v7.01g Hyperref: PDFDocEncoding definition (HO)
Now handling font encoding PD1 ...
... no UTF-8 mapping file for font encoding PD1
) (C:\Users\matar\AppData\Local\Programs\MiKTeX\tex/generic/intcalc\intcalc.sty
Package: intcalc 2019/12/15 v1.3 Expandable calculations with integers (HO)
)
\Hy@SavedSpaceFactor=\count280
 (C:\Users\matar\AppData\Local\Programs\MiKTeX\tex/latex/hyperref\puenc.def
File: puenc.def 2023-11-26 v7.01g Hyperref: PDF Unicode definition (HO)
Now handling font encoding PU ...
... no UTF-8 mapping file for font encoding PU
)
Package hyperref Info: Hyper figures OFF on input line 4181.
Package hyperref Info: Link nesting OFF on input line 4186.
Package hyperref Info: Hyper index ON on input line 4189.
Package hyperref Info: Plain pages OFF on input line 4196.
Package hyperref Info: Backreferencing OFF on input line 4201.
Package hyperref Info: Implicit mode ON; LaTeX internals redefined.
Package hyperref Info: Bookmarks ON on input line 4448.
\c@Hy@tempcnt=\count281
 (C:\Users\matar\AppData\Local\Programs\MiKTeX\tex/latex/url\url.sty
\Urlmuskip=\muskip17
Package: url 2013/09/16  ver 3.4  Verb mode for urls, etc.
)
LaTeX Info: Redefining \url on input line 4786.
\XeTeXLinkMargin=\dimen154
 (C:\Users\matar\AppData\Local\Programs\MiKTeX\tex/generic/bitset\bitset.sty
Package: bitset 2019/12/09 v1.3 Handle bit-vector datatype (HO)
 (C:\Users\matar\AppData\Local\Programs\MiKTeX\tex/generic/bigintcalc\bigintcalc.sty
Package: bigintcalc 2019/12/15 v1.5 Expandable calculations on big integers (HO)
))
\Fld@menulength=\count282
\Field@Width=\dimen155
\Fld@charsize=\dimen156
Package hyperref Info: Hyper figures OFF on input line 6065.
Package hyperref Info: Link nesting OFF on input line 6070.
Package hyperref Info: Hyper index ON on input line 6073.
Package hyperref Info: backreferencing OFF on input line 6080.
Package hyperref Info: Link coloring OFF on input line 6085.
Package hyperref Info: Link coloring with OCG OFF on input line 6090.
Package hyperref Info: PDF/A mode OFF on input line 6095.
 (C:\Users\matar\AppData\Local\Programs\MiKTeX\tex/latex/base\atbegshi-ltx.sty
Package: atbegshi-ltx 2021/01/10 v1.0c Emulation of the original atbegshi
package with kernel methods
)
\Hy@abspage=\count283
\c@Item=\count284
\c@Hfootnote=\count285
)
Package hyperref Info: Driver (autodetected): hpdftex.
 (C:\Users\matar\AppData\Local\Programs\MiKTeX\tex/latex/hyperref\hpdftex.def
File: hpdftex.def 2023-11-26 v7.01g Hyperref driver for pdfTeX
 (C:\Users\matar\AppData\Local\Programs\MiKTeX\tex/latex/base\atveryend-ltx.sty
Package: atveryend-ltx 2020/08/19 v1.0a Emulation of the original atveryend package
with kernel methods
)
\Fld@listcount=\count286
\c@bookmark@seq@number=\count287
 (C:\Users\matar\AppData\Local\Programs\MiKTeX\tex/latex/rerunfilecheck\rerunfilecheck.sty
Package: rerunfilecheck 2025-06-21 v1.11 Rerun checks for auxiliary files (HO)
 (C:\Users\matar\AppData\Local\Programs\MiKTeX\tex/generic/uniquecounter\uniquecounter.sty
Package: uniquecounter 2019/12/15 v1.4 Provide unlimited unique counter (HO)
)
Package uniquecounter Info: New unique counter `rerunfilecheck' on input line 284.
)
\Hy@SectionHShift=\skip53
) (C:\Users\matar\AppData\Local\Programs\MiKTeX\tex/latex/float\float.sty
Package: float 2001/11/08 v1.3d Float enhancements (AL)
\c@float@type=\count288
\float@exts=\toks26
\float@box=\box53
\@float@everytoks=\toks27
\@floatcapt=\box54
) (C:\Users\matar\AppData\Local\Programs\MiKTeX\tex/latex/pdfpages\pdfpages.sty
Package: pdfpages 2025/07/23 v0.6g Insert pages of external PDF documents (AM)
 (C:\Users\matar\AppData\Local\Programs\MiKTeX\tex/latex/base\ifthen.sty
Package: ifthen 2022/04/13 v1.1d Standard LaTeX ifthen package (DPC)
) (C:\Users\matar\AppData\Local\Programs\MiKTeX\tex/latex/tools\calc.sty
Package: calc 2023/07/08 v4.3 Infix arithmetic (KKT,FJ)
\calc@Acount=\count289
\calc@Bcount=\count290
\calc@Adimen=\dimen157
\calc@Bdimen=\dimen158
\calc@Askip=\skip54
\calc@Bskip=\skip55
LaTeX Info: Redefining \setlength on input line 80.
LaTeX Info: Redefining \addtolength on input line 81.
\calc@Ccount=\count291
\calc@Cskip=\skip56
) (C:\Users\matar\AppData\Local\Programs\MiKTeX\tex/latex/eso-pic\eso-pic.sty
Package: eso-pic 2023/05/03 v3.0c eso-pic (RN)
\ESO@tempdima=\dimen159
\ESO@tempdimb=\dimen160
 (C:\Users\matar\AppData\Local\Programs\MiKTeX\tex/latex/xcolor\xcolor.sty
Package: xcolor 2023/11/15 v3.01 LaTeX color extensions (UK)
 (C:\Users\matar\AppData\Local\Programs\MiKTeX\tex/latex/graphics-cfg\color.cfg
File: color.cfg 2016/01/02 v1.6 sample color configuration
)
Package xcolor Info: Driver file: pdftex.def on input line 274.
 (C:\Users\matar\AppData\Local\Programs\MiKTeX\tex/latex/graphics\mathcolor.ltx)
Package xcolor Info: Model `cmy' substituted by `cmy0' on input line 1350.
Package xcolor Info: Model `hsb' substituted by `rgb' on input line 1354.
Package xcolor Info: Model `RGB' extended on input line 1366.
Package xcolor Info: Model `HTML' substituted by `rgb' on input line 1368.
Package xcolor Info: Model `Hsb' substituted by `hsb' on input line 1369.
Package xcolor Info: Model `tHsb' substituted by `hsb' on input line 1370.
Package xcolor Info: Model `HSB' substituted by `hsb' on input line 1371.
Package xcolor Info: Model `Gray' substituted by `gray' on input line 1372.
Package xcolor Info: Model `wave' substituted by `hsb' on input line 1373.
))
\AM@pagewidth=\dimen161
\AM@pageheight=\dimen162
\AM@fboxrule=\dimen163
 (C:\Users\matar\AppData\Local\Programs\MiKTeX\tex/latex/pdfpages\pppdftex.def
File: pppdftex.def 2025/07/23 v0.6g Pdfpages driver for pdfTeX (AM)
)
\pdfpages@includegraphics@status=\count292
\AM@pagebox=\box55
\AM@global@opts=\toks28
\AM@pagecnt=\count293
\AM@toc@title=\toks29
\AM@lof@heading=\toks30
\c@AM@survey=\count294
\AM@templatesizebox=\box56
) (C:\Users\matar\AppData\Local\Programs\MiKTeX\tex/latex/natbib\natbib.sty
Package: natbib 2010/09/13 8.31b (PWD, AO)
\bibhang=\skip57
\bibsep=\skip58
LaTeX Info: Redefining \cite on input line 694.
\c@NAT@ctr=\count295
) (C:\Users\matar\AppData\Local\Programs\MiKTeX\tex/latex/tools\tabularx.sty
Package: tabularx 2023/07/08 v2.11c `tabularx' package (DPC)
 (C:\Users\matar\AppData\Local\Programs\MiKTeX\tex/latex/tools\array.sty
Package: array 2023/10/16 v2.5g Tabular extension package (FMi)
\col@sep=\dimen164
\ar@mcellbox=\box57
\extrarowheight=\dimen165
\NC@list=\toks31
\extratabsurround=\skip59
\backup@length=\skip60
\ar@cellbox=\box58
)
\TX@col@width=\dimen166
\TX@old@table=\dimen167
\TX@old@col=\dimen168
\TX@target=\dimen169
\TX@delta=\dimen170
\TX@cols=\count296
\TX@ftn=\toks32
) (C:\Users\matar\AppData\Local\Programs\MiKTeX\tex/latex/booktabs\booktabs.sty
Package: booktabs 2020/01/12 v1.61803398 Publication quality tables
\heavyrulewidth=\dimen171
\lightrulewidth=\dimen172
\cmidrulewidth=\dimen173
\belowrulesep=\dimen174
\belowbottomsep=\dimen175
\aboverulesep=\dimen176
\abovetopsep=\dimen177
\cmidrulesep=\dimen178
\cmidrulekern=\dimen179
\defaultaddspace=\dimen180
\@cmidla=\count297
\@cmidlb=\count298
\@aboverulesep=\dimen181
\@belowrulesep=\dimen182
\@thisruleclass=\count299
\@lastruleclass=\count300
\@thisrulewidth=\dimen183
) (C:\Users\matar\AppData\Local\Programs\MiKTeX\tex/latex/caption\subcaption.sty
Package: subcaption 2023/07/28 v1.6b Sub-captions (AR)
 (C:\Users\matar\AppData\Local\Programs\MiKTeX\tex/latex/caption\caption.sty
Package: caption 2023/08/05 v3.6o Customizing captions (AR)
 (C:\Users\matar\AppData\Local\Programs\MiKTeX\tex/latex/caption\caption3.sty
Package: caption3 2023/07/31 v2.4d caption3 kernel (AR)
\caption@tempdima=\dimen184
\captionmargin=\dimen185
\caption@leftmargin=\dimen186
\caption@rightmargin=\dimen187
\caption@width=\dimen188
\caption@indent=\dimen189
\caption@parindent=\dimen190
\caption@hangindent=\dimen191
Package caption Info: Standard document class detected.
)
\c@caption@flags=\count301
\c@continuedfloat=\count302
Package caption Info: float package is loaded.
Package caption Info: hyperref package is loaded.
)
Package caption Info: New subtype `subfigure' on input line 238.
\c@subfigure=\count303
Package caption Info: New subtype `subtable' on input line 238.
\c@subtable=\count304
) (C:\Users\matar\AppData\Local\Programs\MiKTeX\tex/latex/comment\comment.sty
\CommentStream=\write3
 Excluding comment 'comment') (C:\Users\matar\AppData\Local\Programs\MiKTeX\tex/latex/l3backend\l3backend-pdftex.def
File: l3backend-pdftex.def 2024-01-04 L3 backend support: PDF output (pdfTeX)
\l__color_backend_stack_int=\count305
\l__pdf_internal_box=\box59
) (main.aux
LaTeX Info: Redefining \. on input line 11.
LaTeX Info: Redefining \% on input line 11.
)
\openout1 = `main.aux'.

LaTeX Font Info:    Checking defaults for OML/cmm/m/it on input line 26.
LaTeX Font Info:    ... okay on input line 26.
LaTeX Font Info:    Checking defaults for OMS/cmsy/m/n on input line 26.
LaTeX Font Info:    ... okay on input line 26.
LaTeX Font Info:    Checking defaults for OT1/cmr/m/n on input line 26.
LaTeX Font Info:    ... okay on input line 26.
LaTeX Font Info:    Checking defaults for T1/cmr/m/n on input line 26.
LaTeX Font Info:    ... okay on input line 26.
LaTeX Font Info:    Checking defaults for TS1/cmr/m/n on input line 26.
LaTeX Font Info:    ... okay on input line 26.
LaTeX Font Info:    Checking defaults for OMX/cmex/m/n on input line 26.
LaTeX Font Info:    ... okay on input line 26.
LaTeX Font Info:    Checking defaults for U/cmr/m/n on input line 26.
LaTeX Font Info:    ... okay on input line 26.
LaTeX Font Info:    Checking defaults for PD1/pdf/m/n on input line 26.
LaTeX Font Info:    ... okay on input line 26.
LaTeX Font Info:    Checking defaults for PU/pdf/m/n on input line 26.
LaTeX Font Info:    ... okay on input line 26.
LaTeX Info: Redefining \. on input line 26.
LaTeX Info: Redefining \% on input line 26.
 (C:\Users\matar\AppData\Local\Programs\MiKTeX\tex/context/base/mkii\supp-pdf.mkii
[Loading MPS to PDF converter (version 2006.09.02).]
\scratchcounter=\count306
\scratchdimen=\dimen192
\scratchbox=\box60
\nofMPsegments=\count307
\nofMParguments=\count308
\everyMPshowfont=\toks33
\MPscratchCnt=\count309
\MPscratchDim=\dimen193
\MPnumerator=\count310
\makeMPintoPDFobject=\count311
\everyMPtoPDFconversion=\toks34
) (C:\Users\matar\AppData\Local\Programs\MiKTeX\tex/latex/epstopdf-pkg\epstopdf-base.sty
Package: epstopdf-base 2020-01-24 v2.11 Base part for package epstopdf
Package epstopdf-base Info: Redefining graphics rule for `.eps' on input line 485.
 (C:\Users\matar\AppData\Local\Programs\MiKTeX\tex/latex/00miktex\epstopdf-sys.cfg
File: epstopdf-sys.cfg 2021/03/18 v2.0 Configuration of epstopdf for MiKTeX
))
Package hyperref Info: Link coloring OFF on input line 26.
 (main.out) (main.out)
\@outlinefile=\write4
\openout4 = `main.out'.

 (C:\Users\matar\AppData\Local\Programs\MiKTeX\tex/latex/pdflscape\pdflscape.sty
Package: pdflscape 2022-10-27 v0.13 Display of landscape pages in PDF
 (C:\Users\matar\AppData\Local\Programs\MiKTeX\tex/latex/pdflscape\pdflscape-nometadata.sty
Package: pdflscape-nometadata 2022-10-28 v0.13 Display of landscape pages in PDF (HO)
 (C:\Users\matar\AppData\Local\Programs\MiKTeX\tex/latex/graphics\lscape.sty
Package: lscape 2020/05/28 v3.02 Landscape Pages (DPC)
)
Package pdflscape Info: Auto-detected driver: pdftex on input line 81.
))
Package caption Info: Begin \AtBeginDocument code.
Package caption Info: End \AtBeginDocument code.
<portadaTT.pdf, id=155, 614.295pt x 794.97pt>
File: portadaTT.pdf Graphic file (type pdf)
<use portadaTT.pdf>
Package pdftex.def Info: portadaTT.pdf  used on input line 30.
(pdftex.def)             Requested size: 614.29349pt x 794.96806pt.
<portadaTT.pdf, id=157, page=1, 614.295pt x 794.97pt>
File: portadaTT.pdf Graphic file (type pdf)
<use portadaTT.pdf, page 1>
Package pdftex.def Info: portadaTT.pdf , page1 used on input line 30.
(pdftex.def)             Requested size: 614.29349pt x 794.96806pt.
File: portadaTT.pdf Graphic file (type pdf)
<use portadaTT.pdf, page 1>
Package pdftex.def Info: portadaTT.pdf , page1 used on input line 30.
(pdftex.def)             Requested size: 614.58406pt x 795.3441pt.
File: portadaTT.pdf Graphic file (type pdf)
<use portadaTT.pdf, page 1>
Package pdftex.def Info: portadaTT.pdf , page1 used on input line 30.
(pdftex.def)             Requested size: 614.58406pt x 795.3441pt.
File: portadaTT.pdf Graphic file (type pdf)
<use portadaTT.pdf, page 1>
Package pdftex.def Info: portadaTT.pdf , page1 used on input line 30.
(pdftex.def)             Requested size: 614.58406pt x 795.3441pt.
File: portadaTT.pdf Graphic file (type pdf)
<use portadaTT.pdf, page 1>
Package pdftex.def Info: portadaTT.pdf , page1 used on input line 30.
(pdftex.def)             Requested size: 614.58406pt x 795.3441pt.
 [1


 <./portadaTT.pdf>]
pdfTeX warning (ext4): destination with the same identifier (name{page.1}) has been already used, duplicate ignored
<to be read again> 
                   \relax 
l.44 \newpage
              [1{C:/Users/matar/AppData/Local/MiKTeX/fonts/map/pdftex/pdftex.map}] (main.toc
LaTeX Info: Redefining \. on input line 1.
LaTeX Info: Redefining \% on input line 1.
LaTeX Font Info:    Trying to load font information for U+msa on input line 3.
 (C:\Users\matar\AppData\Local\Programs\MiKTeX\tex/latex/amsfonts\umsa.fd
File: umsa.fd 2013/01/14 v3.01 AMS symbols A
)
LaTeX Font Info:    Trying to load font information for U+msb on input line 3.
 (C:\Users\matar\AppData\Local\Programs\MiKTeX\tex/latex/amsfonts\umsb.fd
File: umsb.fd 2013/01/14 v3.01 AMS symbols B
) [2])
\tf@toc=\write5
\openout5 = `main.toc'.

 [3] (secciones/intro.tex
Underfull \hbox (badness 10000) in paragraph at lines 19--19
[]|\OT1/cmr/bx/n/10 M^^Setri-cas de
 []


Underfull \hbox (badness 10000) in paragraph at lines 19--19
[]|\OT1/cmr/bx/n/10 Contribuci^^Son
 []


Underfull \hbox (badness 10000) in paragraph at lines 21--22
[]|\OT1/cmr/bx/n/10 Liang et al.
 []


Underfull \hbox (badness 10000) in paragraph at lines 21--22
\OT1/cmr/m/it/10 Self-Supervised
 []


Underfull \hbox (badness 10000) in paragraph at lines 21--22
\OT1/cmr/m/it/10 Ob-ject Dis-tan-ce
 []


Underfull \hbox (badness 1297) in paragraph at lines 21--22
\OT1/cmr/m/it/10 Es-ti-ma-tion Using
 []


Underfull \hbox (badness 1117) in paragraph at lines 23--23
[]|\OT1/cmr/m/n/10 YOLO + Shuf-
 []


Underfull \hbox (badness 10000) in paragraph at lines 23--23
\OT1/cmr/m/n/10 di-za-je auto-
 []


Underfull \hbox (badness 10000) in paragraph at lines 24--24
[]|\OT1/cmr/m/n/10 Evaluado en
 []


Underfull \hbox (badness 10000) in paragraph at lines 24--24
\OT1/cmr/m/n/10 en es-ti-ma-ci^^Son
 []


Underfull \hbox (badness 10000) in paragraph at lines 24--24
\OT1/cmr/m/n/10 de dis-tan-cia
 []


Underfull \hbox (badness 10000) in paragraph at lines 24--24
\OT1/cmr/m/n/10 es-pec^^S^^Pfi-ca de
 []


Underfull \hbox (badness 10000) in paragraph at lines 25--25
[]|\OT1/cmr/m/n/10 Integraci^^Son efi-
 []


Underfull \hbox (badness 4217) in paragraph at lines 25--25
\OT1/cmr/m/n/10 cien-te de de-tec-
 []


Underfull \hbox (badness 1997) in paragraph at lines 25--25
\OT1/cmr/m/n/10 de dis-tan-cia con
 []


Underfull \hbox (badness 10000) in paragraph at lines 25--25
\OT1/cmr/m/n/10 ca-li-bra-ci^^Son de
 []


Underfull \hbox (badness 10000) in paragraph at lines 26--27
\OT1/cmr/m/n/10 ti-vas de-ta-lla-das;
 []


Underfull \hbox (badness 10000) in paragraph at lines 26--27
\OT1/cmr/m/n/10 va-li-da-ci^^Son li-mi-
 []


Underfull \hbox (badness 10000) in paragraph at lines 26--27
\OT1/cmr/m/n/10 ta-da a cier-tos
 []


Underfull \hbox (badness 10000) in paragraph at lines 28--29
[]|\OT1/cmr/bx/n/10 Zhu et al.
 []


Underfull \hbox (badness 10000) in paragraph at lines 28--29
\OT1/cmr/m/it/10 Learning Object-
 []


Underfull \hbox (badness 7397) in paragraph at lines 28--29
\OT1/cmr/m/it/10 Specific Dis-tan-ce
 []


Underfull \hbox (badness 10000) in paragraph at lines 30--30
[]|\OT1/cmr/m/n/10 YOLOv5 +
 []


Underfull \hbox (badness 10000) in paragraph at lines 30--30
\OT1/cmr/m/n/10 Au-to-en-co-der
 []


Underfull \hbox (badness 2310) in paragraph at lines 30--30
\OT1/cmr/m/n/10 con p^^Serdi-da de
 []


Underfull \hbox (badness 10000) in paragraph at lines 32--32
[]|\OT1/cmr/m/n/10 Primer mo-de-lo
 []


Underfull \hbox (badness 10000) in paragraph at lines 32--32
\OT1/cmr/m/n/10 de apren-di-za-je
 []


Underfull \hbox (badness 3343) in paragraph at lines 32--32
\OT1/cmr/m/n/10 pro-fun-do de ex-
 []


Underfull \hbox (badness 10000) in paragraph at lines 32--32
\OT1/cmr/m/n/10 pa-ra dis-tan-cias
 []


Underfull \hbox (badness 10000) in paragraph at lines 32--32
\OT1/cmr/m/n/10 es-pec^^S^^Pfi-cas de
 []


Underfull \hbox (badness 10000) in paragraph at lines 33--34
[]|\OT1/cmr/m/n/10 Alto con-su-mo
 []


Underfull \hbox (badness 10000) in paragraph at lines 33--34
\OT1/cmr/m/n/10 compu-tacio-nal;
 []


Underfull \hbox (badness 10000) in paragraph at lines 33--34
\OT1/cmr/m/n/10 ren-di-mien-to
 []


Underfull \hbox (badness 10000) in paragraph at lines 33--34
\OT1/cmr/m/n/10 de-cre-cien-te en
 []


Underfull \hbox (badness 1946) in paragraph at lines 33--34
\OT1/cmr/m/n/10 es-ce-nas con cur-
 []


Underfull \hbox (badness 1466) in paragraph at lines 33--34
\OT1/cmr/m/n/10 vas o pen-dien-tes
 []


Underfull \hbox (badness 7685) in paragraph at lines 35--36
[]|\OT1/cmr/bx/n/10 Masoumian et
 []


Underfull \hbox (badness 6510) in paragraph at lines 35--36
\OT1/cmr/m/it/10 Pre-dic-tion Ba-sed
 []


Underfull \hbox (badness 10000) in paragraph at lines 35--36
\OT1/cmr/m/it/10 Ob-ject De-tec-tion
 []


Underfull \hbox (badness 10000) in paragraph at lines 35--36
\OT1/cmr/m/it/10 and Mo-no-cu-lar
 []


Underfull \hbox (badness 10000) in paragraph at lines 37--37
[]|\OT1/cmr/m/n/10 YOLOv5 +
 []


Underfull \hbox (badness 10000) in paragraph at lines 37--37
\OT1/cmr/m/n/10 Au-to-en-co-der
 []


Underfull \hbox (badness 10000) in paragraph at lines 37--37
\OT1/cmr/m/n/10 con p^^Serdi-das
 []


Underfull \hbox (badness 10000) in paragraph at lines 39--39
[]|\OT1/cmr/m/n/10 Mejora pre-ci-si^^Son
 []


Underfull \hbox (badness 10000) in paragraph at lines 39--39
\OT1/cmr/m/n/10 ple-jos me-dian-te
 []


Underfull \hbox (badness 1112) in paragraph at lines 39--39
\OT1/cmr/m/n/10 en-fo-que en ob-je-
 []


Underfull \hbox (badness 10000) in paragraph at lines 40--41
\OT1/cmr/m/n/10 ac-cio-nes din^^Sami-
 []


Underfull \hbox (badness 10000) in paragraph at lines 40--41
\OT1/cmr/m/n/10 cas c^^Samara-
 []


Underfull \hbox (badness 10000) in paragraph at lines 40--41
\OT1/cmr/m/n/10 objetos; va-li-da-
 []


Underfull \hbox (badness 6559) in paragraph at lines 40--41
\OT1/cmr/m/n/10 ci^^Son en es-ce-nas
 []


Underfull \hbox (badness 2020) in paragraph at lines 42--43
[]|\OT1/cmr/bx/n/10 Maga~na et al.
 []


Underfull \hbox (badness 10000) in paragraph at lines 42--43
\OT1/cmr/m/it/10 Dis-tan-cia a un
 []


Underfull \hbox (badness 10000) in paragraph at lines 44--44
[]|\OT1/cmr/m/n/10 Sistema auto-
 []


Underfull \hbox (badness 10000) in paragraph at lines 44--44
\OT1/cmr/m/n/10 supervisado
 []


Underfull \hbox (badness 10000) in paragraph at lines 44--44
\OT1/cmr/m/n/10 (de-tec-ci^^Son +
 []


Underfull \hbox (badness 10000) in paragraph at lines 44--44
\OT1/cmr/m/n/10 ca-li-bra-ci^^Son
 []


Underfull \hbox (badness 10000) in paragraph at lines 44--44
\OT1/cmr/m/n/10 mo-no-cu-lar +
 []


Underfull \hbox (badness 10000) in paragraph at lines 46--46
[]|\OT1/cmr/m/n/10 Bajo con-su-mo
 []


Underfull \hbox (badness 10000) in paragraph at lines 46--46
\OT1/cmr/m/n/10 compu-tacio-nal y
 []


Underfull \hbox (badness 5475) in paragraph at lines 46--46
\OT1/cmr/m/n/10 adap-ta-bi-li-dad en
 []


Overfull \hbox (33.66713pt too wide) in paragraph at lines 17--50
 [][] 
 []

[4] [5] [6]
Underfull \hbox (badness 10000) in paragraph at lines 71--73

 []

[7] [8]

pdfTeX warning: pdflatex (file ./images/FDI1.pdf): PDF inclusion: found PDF version <1.7>, but at most version <1.5> allowed
<images/FDI1.pdf, id=352, 464.73625pt x 127.37587pt>
File: images/FDI1.pdf Graphic file (type pdf)
<use images/FDI1.pdf>
Package pdftex.def Info: images/FDI1.pdf  used on input line 103.
(pdftex.def)             Requested size: 312.00119pt x 85.5163pt.
) [9] [10 <./images/FDI1.pdf>] (secciones/marco_teorico.tex
Underfull \hbox (badness 10000) in paragraph at lines 5--6

 []


Underfull \hbox (badness 10000) in paragraph at lines 7--8

 []

[11] [12]
Overfull \hbox (1.29918pt too wide) in paragraph at lines 66--71
\OT1/cmr/m/n/12 y pro-du-ce un con-jun-to de pre-dic-cio-nes $\OMS/cmsy/m/n/12 f[]\OML/cmm/m/it/12 ; []; []\OMS/cmsy/m/n/12 g[]$\OT1/cmr/m/n/12 , don-de $[] = ([]\OML/cmm/m/it/12 ; []; []; []\OT1/cmr/m/n/12 )$
 []

[13] [14] [15]
Overfull \hbox (6.20596pt too wide) in paragraph at lines 156--158
\OT1/cmr/m/n/12 El en-tre-na-mien-to se rea-li-za me-dian-te \OT1/cmr/m/it/12 Back-pro-pa-ga-tion Th-rough Ti-me \OT1/cmr/m/n/12 (BPTT),
 []

[16]) [17] (secciones/metodologia.tex
<images/metodologia/diagrama_fija.png, id=466, 2213.26875pt x 957.5775pt>
File: images/metodologia/diagrama_fija.png Graphic file (type png)
<use images/metodologia/diagrama_fija.png>
Package pdftex.def Info: images/metodologia/diagrama_fija.png  used on input line 17.
(pdftex.def)             Requested size: 390.0pt x 168.73288pt.
 [18]
<images/metodologia/tabla_alturas.png, id=476, 255.95625pt x 263.18324pt>
File: images/metodologia/tabla_alturas.png Graphic file (type png)
<use images/metodologia/tabla_alturas.png>
Package pdftex.def Info: images/metodologia/tabla_alturas.png  used on input line 29.
(pdftex.def)             Requested size: 124.80286pt x 128.32642pt.
<images/metodologia/histograma.png, id=477, 499.3857pt x 395.3169pt>
File: images/metodologia/histograma.png Graphic file (type png)
<use images/metodologia/histograma.png>
Package pdftex.def Info: images/metodologia/histograma.png  used on input line 37.
(pdftex.def)             Requested size: 124.80286pt x 98.79279pt.
<images/metodologia/grafico_caja.png, id=478, 505.89pt x 367.8543pt>
File: images/metodologia/grafico_caja.png Graphic file (type png)
<use images/metodologia/grafico_caja.png>
Package pdftex.def Info: images/metodologia/grafico_caja.png  used on input line 45.
(pdftex.def)             Requested size: 124.80286pt x 90.74532pt.
 [19 <./images/metodologia/diagrama_fija.png> <./images/metodologia/tabla_alturas.png> <./images/metodologia/histograma.png> <./images/metodologia/grafico_caja.png>]
<images/metodologia/prepro_diag.pdf, id=490, 1124.2pt x 271.0125pt>
File: images/metodologia/prepro_diag.pdf Graphic file (type pdf)
<use images/metodologia/prepro_diag.pdf>
Package pdftex.def Info: images/metodologia/prepro_diag.pdf  used on input line 58.
(pdftex.def)             Requested size: 390.0pt x 94.01631pt.
 [20 <./images/metodologia/prepro_diag.pdf>] [21]
<images/metodologia/abserr.PNG, id=551, 458.31226pt x 243.91125pt>
File: images/metodologia/abserr.PNG Graphic file (type png)
<use images/metodologia/abserr.PNG>
Package pdftex.def Info: images/metodologia/abserr.PNG  used on input line 120.
(pdftex.def)             Requested size: 390.0pt x 207.56744pt.
 [22 <./images/metodologia/abserr.PNG>]
<images/metodologia/annot.PNG, id=558, 539.01375pt x 268.00125pt>
File: images/metodologia/annot.PNG Graphic file (type png)
<use images/metodologia/annot.PNG>
Package pdftex.def Info: images/metodologia/annot.PNG  used on input line 134.
(pdftex.def)             Requested size: 390.0pt x 193.91356pt.
 [23 <./images/metodologia/annot.PNG>]
<images/metodologia/preprocess_data.pdf, id=566, 1041.8925pt x 434.62375pt>
File: images/metodologia/preprocess_data.pdf Graphic file (type pdf)
<use images/metodologia/preprocess_data.pdf>
Package pdftex.def Info: images/metodologia/preprocess_data.pdf  used on input line 145.
(pdftex.def)             Requested size: 390.0pt x 162.68506pt.
 [24 <./images/metodologia/preprocess_data.pdf>]
<images/metodologia/corr.png, id=586, 547.0839pt x 426.393pt>
File: images/metodologia/corr.png Graphic file (type png)
<use images/metodologia/corr.png>
Package pdftex.def Info: images/metodologia/corr.png  used on input line 162.
(pdftex.def)             Requested size: 390.0pt x 303.97083pt.
 [25] [26 <./images/metodologia/corr.png>] [27]
<images/metodologia/frames-ventanas.png, id=605, 777.6252pt x 439.4016pt>
File: images/metodologia/frames-ventanas.png Graphic file (type png)
<use images/metodologia/frames-ventanas.png>
Package pdftex.def Info: images/metodologia/frames-ventanas.png  used on input line 190.
(pdftex.def)             Requested size: 390.0pt x 220.37743pt.
<images/resultados/pastel_tvt.png, id=606, 473.697pt x 430.335pt>
File: images/resultados/pastel_tvt.png Graphic file (type png)
<use images/resultados/pastel_tvt.png>
Package pdftex.def Info: images/resultados/pastel_tvt.png  used on input line 204.
(pdftex.def)             Requested size: 175.49881pt x 159.43158pt.
<images/resultados/distancias-por-grupo.png, id=607, 714.7503pt x 354.123pt>
File: images/resultados/distancias-por-grupo.png Graphic file (type png)
<use images/resultados/distancias-por-grupo.png>
Package pdftex.def Info: images/resultados/distancias-por-grupo.png  used on input line 212.
(pdftex.def)             Requested size: 175.49881pt x 86.9473pt.

Underfull \hbox (badness 10000) in paragraph at lines 196--218

 []

[28 <./images/metodologia/frames-ventanas.png>] [29 <./images/resultados/pastel_tvt.png> <./images/resultados/distancias-por-grupo.png>]
Overfull \hbox (9.08331pt too wide) in paragraph at lines 239--239
[]\OT1/cmr/bx/n/12 Configuraci^^Son de en-tre-na-mien-to y de-fi-ni-ci^^Son de hi-per-par^^Same-
 []

[30] [31]
<images/metodologia/rnnGru.png, id=636, 1044.3015pt x 321.6015pt>
File: images/metodologia/rnnGru.png Graphic file (type png)
<use images/metodologia/rnnGru.png>
Package pdftex.def Info: images/metodologia/rnnGru.png  used on input line 278.
(pdftex.def)             Requested size: 390.0pt x 120.10463pt.
 [32 <./images/metodologia/rnnGru.png>]
<images/metodologia/rnnLSTM.png, id=644, 1058.30382pt x 323.40825pt>
File: images/metodologia/rnnLSTM.png Graphic file (type png)
<use images/metodologia/rnnLSTM.png>
Package pdftex.def Info: images/metodologia/rnnLSTM.png  used on input line 290.
(pdftex.def)             Requested size: 390.0pt x 119.1805pt.
) [33 <./images/metodologia/rnnLSTM.png>] [34] (secciones/resultados.tex
<images/resultados/GRULoss.png, id=659, 440.847pt x 263.0628pt>
File: images/resultados/GRULoss.png Graphic file (type png)
<use images/resultados/GRULoss.png>
Package pdftex.def Info: images/resultados/GRULoss.png  used on input line 9.
(pdftex.def)             Requested size: 187.19833pt x 111.70186pt.
<images/resultados/LSTMLoss.png, id=660, 440.847pt x 263.0628pt>
File: images/resultados/LSTMLoss.png Graphic file (type png)
<use images/resultados/LSTMLoss.png>
Package pdftex.def Info: images/resultados/LSTMLoss.png  used on input line 10.
(pdftex.def)             Requested size: 187.19833pt x 111.70186pt.
 [35 <./images/resultados/GRULoss.png> <./images/resultados/LSTMLoss.png>]
<images/resultados/aGRU.png, id=672, 146.7081pt x 131.5314pt>
File: images/resultados/aGRU.png Graphic file (type png)
<use images/resultados/aGRU.png>
Package pdftex.def Info: images/resultados/aGRU.png  used on input line 47.
(pdftex.def)             Requested size: 124.80286pt x 111.89453pt.
<images/resultados/bGRU.png, id=673, 146.7081pt x 130.8087pt>
File: images/resultados/bGRU.png Graphic file (type png)
<use images/resultados/bGRU.png>
Package pdftex.def Info: images/resultados/bGRU.png  used on input line 53.
(pdftex.def)             Requested size: 124.80286pt x 111.27971pt.
<images/resultados/cGRU.png, id=674, 146.7081pt x 131.5314pt>
File: images/resultados/cGRU.png Graphic file (type png)
<use images/resultados/cGRU.png>
Package pdftex.def Info: images/resultados/cGRU.png  used on input line 59.
(pdftex.def)             Requested size: 124.80286pt x 111.89453pt.
<images/resultados/dLSTM.png, id=675, 146.7081pt x 131.5314pt>
File: images/resultados/dLSTM.png Graphic file (type png)
<use images/resultados/dLSTM.png>
Package pdftex.def Info: images/resultados/dLSTM.png  used on input line 69.
(pdftex.def)             Requested size: 124.80286pt x 111.89453pt.
<images/resultados/eLSTM.png, id=676, 146.7081pt x 131.5314pt>
File: images/resultados/eLSTM.png Graphic file (type png)
<use images/resultados/eLSTM.png>
Package pdftex.def Info: images/resultados/eLSTM.png  used on input line 75.
(pdftex.def)             Requested size: 124.80286pt x 111.89453pt.
<images/resultados/fLSTM.png, id=677, 146.7081pt x 131.5314pt>
File: images/resultados/fLSTM.png Graphic file (type png)
<use images/resultados/fLSTM.png>
Package pdftex.def Info: images/resultados/fLSTM.png  used on input line 81.
(pdftex.def)             Requested size: 124.80286pt x 111.89453pt.
 [36] [37 <./images/resultados/aGRU.png> <./images/resultados/bGRU.png> <./images/resultados/cGRU.png> <./images/resultados/dLSTM.png> <./images/resultados/eLSTM.png> <./images/resultados/fLSTM.png>]
<images/resultados/modelo_vid_1.png, id=699, 1927.2pt x 1084.05pt>
File: images/resultados/modelo_vid_1.png Graphic file (type png)
<use images/resultados/modelo_vid_1.png>
Package pdftex.def Info: images/resultados/modelo_vid_1.png  used on input line 101.
(pdftex.def)             Requested size: 175.49881pt x 98.71817pt.
<images/resultados/modelo_vid_2.png, id=700, 1927.2pt x 1084.05pt>
File: images/resultados/modelo_vid_2.png Graphic file (type png)
<use images/resultados/modelo_vid_2.png>
Package pdftex.def Info: images/resultados/modelo_vid_2.png  used on input line 108.
(pdftex.def)             Requested size: 175.49881pt x 98.71817pt.
<images/resultados/modelo_vid_3.png, id=701, 1927.2pt x 1084.05pt>
File: images/resultados/modelo_vid_3.png Graphic file (type png)
<use images/resultados/modelo_vid_3.png>
Package pdftex.def Info: images/resultados/modelo_vid_3.png  used on input line 117.
(pdftex.def)             Requested size: 175.49881pt x 98.71817pt.
<images/resultados/modelo_vid_4.png, id=702, 1927.2pt x 1084.05pt>
File: images/resultados/modelo_vid_4.png Graphic file (type png)
<use images/resultados/modelo_vid_4.png>
Package pdftex.def Info: images/resultados/modelo_vid_4.png  used on input line 124.
(pdftex.def)             Requested size: 175.49881pt x 98.71817pt.
) [38 <./images/resultados/modelo_vid_1.png> <./images/resultados/modelo_vid_2.png> <./images/resultados/modelo_vid_3.png> <./images/resultados/modelo_vid_4.png>]
Underfull \hbox (badness 10000) in paragraph at lines 66--67

 []


Underfull \hbox (badness 10000) in paragraph at lines 68--69

 []


Overfull \hbox (12.66751pt too wide) in paragraph at lines 70--71
\OT1/cmr/m/n/12 dis-tan-cias me-di-das. Es-to con-fir-ma que la com-bi-na-ci^^Son en-tre par^^Same-tros intr^^S^^Pnse-
 []

[39] (main.bbl
Underfull \hbox (badness 1648) in paragraph at lines 44--48
[]\OT1/cmr/m/n/12 Google.  Pi-xel pho-ne hard-wa-re tech specs - pi-xel pho-ne help,
 []


Underfull \hbox (badness 4291) in paragraph at lines 44--48
\OT1/cmr/m/n/12 2025.  URL []$\OT1/cmtt/m/n/12 https : / / support . google . com / pixelphone / answer /
 []

[40] [41] [42]) [43] (main.aux
LaTeX Info: Redefining \. on input line 11.
LaTeX Info: Redefining \% on input line 11.
)
 ***********
LaTeX2e <2023-11-01> patch level 1
L3 programming layer <2024-01-04>
 ***********
Package rerunfilecheck Info: File `main.out' has not changed.
(rerunfilecheck)             Checksum: 562A694A35E915778A1152FE4DF75F7B;6967.
 ) 
Here is how much of TeX's memory you used:
 15107 strings out of 474485
 247902 string characters out of 5743733
 1944542 words of memory out of 5000000
 37005 multiletter control sequences out of 15000+600000
 568359 words of font info for 75 fonts, out of 8000000 for 9000
 1141 hyphenation exceptions out of 8191
 75i,17n,79p,1249b,784s stack positions out of 10000i,1000n,20000p,200000b,200000s
 <C:\Users\matar\AppData\Local\MiKTeX\fonts/pk/ljfour/jknappen/ec/dpi600\tcrm1200.pk><C:/Users/matar/AppData/Local/Programs/MiKTeX/fonts/type1/public/amsfonts/cm/cmbx10.pfb><C:/Users/matar/AppData/Local/Programs/MiKTeX/fonts/type1/public/amsfonts/cm/cmbx12.pfb><C:/Users/matar/AppData/Local/Programs/MiKTeX/fonts/type1/public/amsfonts/cm/cmex10.pfb><C:/Users/matar/AppData/Local/Programs/MiKTeX/fonts/type1/public/amsfonts/cm/cmmi10.pfb><C:/Users/matar/AppData/Local/Programs/MiKTeX/fonts/type1/public/amsfonts/cm/cmmi12.pfb><C:/Users/matar/AppData/Local/Programs/MiKTeX/fonts/type1/public/amsfonts/cm/cmmi6.pfb><C:/Users/matar/AppData/Local/Programs/MiKTeX/fonts/type1/public/amsfonts/cm/cmmi8.pfb><C:/Users/matar/AppData/Local/Programs/MiKTeX/fonts/type1/public/amsfonts/cm/cmr10.pfb><C:/Users/matar/AppData/Local/Programs/MiKTeX/fonts/type1/public/amsfonts/cm/cmr12.pfb><C:/Users/matar/AppData/Local/Programs/MiKTeX/fonts/type1/public/amsfonts/cm/cmr8.pfb><C:/Users/matar/AppData/Local/Programs/MiKTeX/fonts/type1/public/amsfonts/cm/cmsy10.pfb><C:/Users/matar/AppData/Local/Programs/MiKTeX/fonts/type1/public/amsfonts/cm/cmsy8.pfb><C:/Users/matar/AppData/Local/Programs/MiKTeX/fonts/type1/public/amsfonts/cm/cmti10.pfb><C:/Users/matar/AppData/Local/Programs/MiKTeX/fonts/type1/public/amsfonts/cm/cmti12.pfb><C:/Users/matar/AppData/Local/Programs/MiKTeX/fonts/type1/public/amsfonts/cm/cmtt12.pfb><C:/Users/matar/AppData/Local/Programs/MiKTeX/fonts/type1/public/amsfonts/symbols/msbm10.pfb>
Output written on main.pdf (44 pages, 14465452 bytes).
PDF statistics:
 848 PDF objects out of 1000 (max. 8388607)
 164 named destinations out of 1000 (max. 500000)
 455 words of extra memory for PDF output out of 10000 (max. 10000000)

